<?xml version="1.0" encoding="UTF-8"?>
<testng-results skipped="0" failed="0" total="7" passed="7">
  <reporter-output>
  </reporter-output>
  <suite name="Default suite" duration-ms="157" started-at="2022-05-21T07:38:03Z" finished-at="2022-05-21T07:38:03Z">
    <groups>
    </groups>
    <test name="Default test" duration-ms="157" started-at="2022-05-21T07:38:03Z" finished-at="2022-05-21T07:38:03Z">
      <class name="pkg1.DatadrivenTesting">
        <test-method status="PASS" signature="testCase1(java.lang.String, java.lang.String)[pri:0, instance:pkg1.DatadrivenTesting@e50a6f6]" name="testCase1" duration-ms="7" started-at="2022-05-21T13:08:03Z" data-provider="dp2" finished-at="2022-05-21T13:08:03Z">
          <params>
            <param index="0">
              <value>
                <![CDATA[user1]]>
              </value>
            </param>
            <param index="1">
              <value>
                <![CDATA[password1]]>
              </value>
            </param>
          </params>
          <reporter-output>
          </reporter-output>
        </test-method> <!-- testCase1 -->
        <test-method status="PASS" signature="testCase1(java.lang.String, java.lang.String)[pri:0, instance:pkg1.DatadrivenTesting@e50a6f6]" name="testCase1" duration-ms="1" started-at="2022-05-21T13:08:03Z" data-provider="dp2" finished-at="2022-05-21T13:08:03Z">
          <params>
            <param index="0">
              <value>
                <![CDATA[user2]]>
              </value>
            </param>
            <param index="1">
              <value>
                <![CDATA[password2]]>
              </value>
            </param>
          </params>
          <reporter-output>
          </reporter-output>
        </test-method> <!-- testCase1 -->
        <test-method status="PASS" signature="testCase1(java.lang.String, java.lang.String)[pri:0, instance:pkg1.DatadrivenTesting@e50a6f6]" name="testCase1" duration-ms="0" started-at="2022-05-21T13:08:03Z" data-provider="dp2" finished-at="2022-05-21T13:08:03Z">
          <params>
            <param index="0">
              <value>
                <![CDATA[user3]]>
              </value>
            </param>
            <param index="1">
              <value>
                <![CDATA[password3]]>
              </value>
            </param>
          </params>
          <reporter-output>
          </reporter-output>
        </test-method> <!-- testCase1 -->
        <test-method status="PASS" signature="testCase1(java.lang.String, java.lang.String)[pri:0, instance:pkg1.DatadrivenTesting@e50a6f6]" name="testCase1" duration-ms="2" started-at="2022-05-21T13:08:03Z" data-provider="dp2" finished-at="2022-05-21T13:08:03Z">
          <params>
            <param index="0">
              <value>
                <![CDATA[user4]]>
              </value>
            </param>
            <param index="1">
              <value>
                <![CDATA[password4]]>
              </value>
            </param>
          </params>
          <reporter-output>
          </reporter-output>
        </test-method> <!-- testCase1 -->
        <test-method status="PASS" signature="testCase1(java.lang.String, java.lang.String)[pri:0, instance:pkg1.DatadrivenTesting@e50a6f6]" name="testCase1" duration-ms="1" started-at="2022-05-21T13:08:03Z" data-provider="dp2" finished-at="2022-05-21T13:08:03Z">
          <params>
            <param index="0">
              <value>
                <![CDATA[user5]]>
              </value>
            </param>
            <param index="1">
              <value>
                <![CDATA[password5]]>
              </value>
            </param>
          </params>
          <reporter-output>
          </reporter-output>
        </test-method> <!-- testCase1 -->
        <test-method status="PASS" signature="testCase1(java.lang.String, java.lang.String)[pri:0, instance:pkg1.DatadrivenTesting@e50a6f6]" name="testCase1" duration-ms="2" started-at="2022-05-21T13:08:03Z" data-provider="dp2" finished-at="2022-05-21T13:08:03Z">
          <params>
            <param index="0">
              <value>
                <![CDATA[user6]]>
              </value>
            </param>
            <param index="1">
              <value>
                <![CDATA[password6]]>
              </value>
            </param>
          </params>
          <reporter-output>
          </reporter-output>
        </test-method> <!-- testCase1 -->
        <test-method status="PASS" signature="testCase1(java.lang.String, java.lang.String)[pri:0, instance:pkg1.DatadrivenTesting@e50a6f6]" name="testCase1" duration-ms="1" started-at="2022-05-21T13:08:03Z" data-provider="dp2" finished-at="2022-05-21T13:08:03Z">
          <params>
            <param index="0">
              <value>
                <![CDATA[user7]]>
              </value>
            </param>
            <param index="1">
              <value>
                <![CDATA[password7]]>
              </value>
            </param>
          </params>
          <reporter-output>
          </reporter-output>
        </test-method> <!-- testCase1 -->
      </class> <!-- pkg1.DatadrivenTesting -->
    </test> <!-- Default test -->
  </suite> <!-- Default suite -->
</testng-results>
