<?xml version="1.0" encoding="UTF-8"?>
<!-- Generated by org.testng.reporters.JUnitXMLReporter -->
<testsuite hostname="LAPTOP-ALVRLO6C" name="Default test" tests="7" failures="0" timestamp="21 May 2022 07:38:03 GMT" time="0.157" errors="0">
  <testcase name="testCase1" time="0.007" classname="pkg1.DatadrivenTesting"/>
  <testcase name="testCase1" time="0.001" classname="pkg1.DatadrivenTesting"/>
  <testcase name="testCase1" time="0.0" classname="pkg1.DatadrivenTesting"/>
  <testcase name="testCase1" time="0.002" classname="pkg1.DatadrivenTesting"/>
  <testcase name="testCase1" time="0.001" classname="pkg1.DatadrivenTesting"/>
  <testcase name="testCase1" time="0.002" classname="pkg1.DatadrivenTesting"/>
  <testcase name="testCase1" time="0.001" classname="pkg1.DatadrivenTesting"/>
</testsuite> <!-- Default test -->
